
================================================================================
Time: 2025-12-14 21:04:06
From: Restaurant Team <noreply@restaurant.com>
To: uyen94834@gmail.com
Subject: Re: Liên hệ từ website - nguyễn thị tố uyên
--------------------------------------------------------------------------------



    
    
        body { font-family: Arial, sans-serif; line-height: 1.6; color: #333; }
        .container { max-width: 600px; margin: 0 auto; padding: 20px; }
        .header { background-color: #007bff; color: white; padding: 20px; text-align: center; }
        .content { background-color: #f9f9f9; padding: 20px; margin-top: 20px; }
        .footer { margin-top: 20px; padding: 20px; text-align: center; color: #666; font-size: 12px; }
    


    
        
            Restaurant Team
        
        
            Xin chào nguyễn thị tố uyên,
            Xin chào nguyễn thị tố uyên,

Cảm ơn bạn đã liên hệ với chúng tôi. 

Chúng tôi đã nhận được tin nhắn của bạn và sẽ phản hồi trong thời gian sớm nhất.

Trân trọng,
Restaurant Team
        
        
            Cảm ơn bạn đã liên hệ với chúng tôi!
            Restaurant Team
        
    


================================================================================

================================================================================
Time: 2025-12-14 21:04:22
From: Restaurant Team <noreply@restaurant.com>
To: uyen94834@gmail.com
Subject: Re: Liên hệ từ website - nguyễn thị tố uyên
--------------------------------------------------------------------------------



    
    
        body { font-family: Arial, sans-serif; line-height: 1.6; color: #333; }
        .container { max-width: 600px; margin: 0 auto; padding: 20px; }
        .header { background-color: #007bff; color: white; padding: 20px; text-align: center; }
        .content { background-color: #f9f9f9; padding: 20px; margin-top: 20px; }
        .footer { margin-top: 20px; padding: 20px; text-align: center; color: #666; font-size: 12px; }
    


    
        
            Restaurant Team
        
        
            Xin chào nguyễn thị tố uyên,
            Xin chào nguyễn thị tố uyên,

Cảm ơn bạn đã liên hệ với chúng tôi. 

Chúng tôi đã nhận được tin nhắn của bạn và sẽ phản hồi trong thời gian sớm nhất.

Trân trọng,
Restaurant Team
        
        
            Cảm ơn bạn đã liên hệ với chúng tôi!
            Restaurant Team
        
    


================================================================================
